Created by PLY version 3.11 (http://www.dabeaz.com/ply)

Unused terminals:

    EQUALS
    NAME

Grammar

Rule 0     S' -> calc
Rule 1     calc -> expression
Rule 2     calc -> var_assign
Rule 3     calc -> empty
Rule 4     expression -> expression MULTIPLY expression
Rule 5     expression -> expression DIVIDE expression
Rule 6     expression -> expression PLUS expression
Rule 7     expression -> expression MINUS expression
Rule 8     expression -> INT
Rule 9     expression -> FLOAT
Rule 10    empty -> <empty>

Terminals, with rules where they appear

DIVIDE               : 5
EQUALS               : 
FLOAT                : 9
INT                  : 8
MINUS                : 7
MULTIPLY             : 4
NAME                 : 
PLUS                 : 6
error                : 

Nonterminals, with rules where they appear

calc                 : 0
empty                : 3
expression           : 1 4 4 5 5 6 6 7 7
var_assign           : 2

